<?xml version="1.0" encoding="UTF-8"?>
<!-- Generated by org.testng.reporters.JUnitXMLReporter -->
<testsuite ignored="0" hostname="MPAGADA-L1-5475" failures="1" tests="2" name="Default test" time="26.969" errors="0" timestamp="2025-01-23T16:48:31 IST">
  <testcase classname="io.cucumber.testng.AbstractTestNGCucumberTests" name="runScenario" time="17.283"/>
  <testcase classname="io.cucumber.testng.AbstractTestNGCucumberTests" name="runScenario" time="8.681">
    <failure type="com.baseLibrary.SkipScenarioException" message="Scenario skipped as the flag is not set to X">
      <![CDATA[com.baseLibrary.SkipScenarioException: Scenario skipped as the flag is not set to X
at StepDefinitions.LoginSteps.iEnterCredentials(LoginSteps.java:42)
at ✽.I enter credentials for "wrongUser" and "wrongPass" with flag ""(file:///D:/work/Cucumber%20Framework/src/test/java/features/Login.feature:34)
]]>
    </failure>
  </testcase> <!-- runScenario -->
</testsuite> <!-- Default test -->
