<?xml version="1.0" encoding="UTF-8"?>
<testng-results ignored="0" total="2" passed="1" failed="1" skipped="0">
  <reporter-output>
  </reporter-output>
  <suite started-at="2025-01-23T16:48:04 IST" name="Default suite" finished-at="2025-01-23T16:48:31 IST" duration-ms="26969">
    <groups>
      <group name="cucumber">
        <method signature="AbstractTestNGCucumberTests.runScenario(io.cucumber.testng.PickleWrapper,io.cucumber.testng.FeatureWrapper)[pri:0, instance:TestRunner.TestRunner@3d285d7e]" name="runScenario" class="io.cucumber.testng.AbstractTestNGCucumberTests"/>
      </group> <!-- cucumber -->
    </groups>
    <test started-at="2025-01-23T16:48:04 IST" name="Default test" finished-at="2025-01-23T16:48:31 IST" duration-ms="26969">
      <class name="TestRunner.TestRunner">
        <test-method is-config="true" signature="setUpClass(org.testng.ITestContext)[pri:0, instance:TestRunner.TestRunner@3d285d7e]" started-at="2025-01-23T16:48:04 IST" name="setUpClass" finished-at="2025-01-23T16:48:05 IST" duration-ms="617" status="PASS">
          <params>
            <param index="0">
              <value>
                <![CDATA[org.testng.TestRunner@33e434c8]]>
              </value>
            </param>
          </params>
          <reporter-output>
          </reporter-output>
        </test-method> <!-- setUpClass -->
        <test-method signature="runScenario(io.cucumber.testng.PickleWrapper,io.cucumber.testng.FeatureWrapper)[pri:0, instance:TestRunner.TestRunner@3d285d7e]" started-at="2025-01-23T16:48:05 IST" name="runScenario" description="Runs Cucumber Scenarios" data-provider="scenarios" finished-at="2025-01-23T16:48:22 IST" duration-ms="17283" status="PASS">
          <params>
            <param index="0">
              <value>
                <![CDATA["User Login"]]>
              </value>
            </param>
            <param index="1">
              <value>
                <![CDATA["Login to OrangeHRM"]]>
              </value>
            </param>
          </params>
          <reporter-output>
          </reporter-output>
        </test-method> <!-- runScenario -->
        <test-method signature="runScenario(io.cucumber.testng.PickleWrapper,io.cucumber.testng.FeatureWrapper)[pri:0, instance:TestRunner.TestRunner@3d285d7e]" started-at="2025-01-23T16:48:22 IST" name="runScenario" description="Runs Cucumber Scenarios" data-provider="scenarios" finished-at="2025-01-23T16:48:31 IST" duration-ms="8681" status="FAIL">
          <params>
            <param index="0">
              <value>
                <![CDATA["User Login"]]>
              </value>
            </param>
            <param index="1">
              <value>
                <![CDATA["Login to OrangeHRM"]]>
              </value>
            </param>
          </params>
          <exception class="com.baseLibrary.SkipScenarioException">
            <message>
              <![CDATA[Scenario skipped as the flag is not set to X]]>
            </message>
            <full-stacktrace>
              <![CDATA[com.baseLibrary.SkipScenarioException: Scenario skipped as the flag is not set to X
at StepDefinitions.LoginSteps.iEnterCredentials(LoginSteps.java:42)
at ✽.I enter credentials for "wrongUser" and "wrongPass" with flag ""(file:///D:/work/Cucumber%20Framework/src/test/java/features/Login.feature:34)
]]>
            </full-stacktrace>
          </exception> <!-- com.baseLibrary.SkipScenarioException -->
          <reporter-output>
          </reporter-output>
        </test-method> <!-- runScenario -->
        <test-method is-config="true" signature="tearDownClass()[pri:0, instance:TestRunner.TestRunner@3d285d7e]" started-at="2025-01-23T16:48:31 IST" name="tearDownClass" finished-at="2025-01-23T16:48:31 IST" duration-ms="334" status="PASS">
          <reporter-output>
          </reporter-output>
        </test-method> <!-- tearDownClass -->
      </class> <!-- TestRunner.TestRunner -->
    </test> <!-- Default test -->
  </suite> <!-- Default suite -->
</testng-results>
