<?xml version="1.0" encoding="UTF-8"?>
<!-- Generated by org.testng.reporters.JUnitReportReporter -->
<testsuite hostname="MPAGADA-L1-5475" failures="0" tests="2" name="TestRunner.TestRunner" time="25.964" errors="1" timestamp="2025-01-23T16:48:32 IST" skipped="0">
  <testcase classname="TestRunner.TestRunner" name="runScenario" time="8.681">
    <error message="Scenario skipped as the flag is not set to X" type="com.baseLibrary.SkipScenarioException">
      <![CDATA[com.baseLibrary.SkipScenarioException: Scenario skipped as the flag is not set to X
at StepDefinitions.LoginSteps.iEnterCredentials(LoginSteps.java:42)
at ✽.I enter credentials for "wrongUser" and "wrongPass" with flag ""(file:///D:/work/Cucumber%20Framework/src/test/java/features/Login.feature:34)
]]>
    </error>
  </testcase> <!-- runScenario -->
  <system-out/>
  <testcase classname="TestRunner.TestRunner" name="runScenario" time="17.283"/>
  <system-out/>
</testsuite> <!-- TestRunner.TestRunner -->
